<?xml version="1.0" encoding="UTF-8"?>
<!-- Generated by org.testng.reporters.JUnitXMLReporter -->
<testsuite ignored="0" hostname="DESKTOP-7ELQFVL" failures="0" tests="3" name="Test" time="237.639" errors="0" timestamp="2024-06-18T11:29:00 IST">
  <testcase classname="xmlpractice.a" name="productmultipledata" time="13.446"/>
  <testcase classname="xmlpractice.b" name="productmultipledata" time="208.197"/>
  <testcase classname="xmlpractice.c" name="productmultipledata" time="15.913"/>
</testsuite> <!-- Test -->
