<?xml version="1.0" encoding="UTF-8"?>
<!-- Generated by org.testng.reporters.JUnitXMLReporter -->
<testsuite ignored="5" hostname="DESKTOP-7ELQFVL" failures="0" tests="1" name="Default test" time="3.201" errors="0" timestamp="2024-07-18T12:13:40 IST">
  <testcase classname="cucumber.apiautomation.apiautomation" name="verifyputrquest" time="3.128"/>
  <testcase classname="cucumber.apiautomation.apiautomation" name="verifygetrequestwithrecord" time="0.0">
    <ignored/>
  </testcase> <!-- verifygetrequestwithrecord -->
  <testcase classname="cucumber.apiautomation.apiautomation" name="getrequest" time="0.0">
    <ignored/>
  </testcase> <!-- getrequest -->
  <testcase classname="cucumber.apiautomation.apiautomation" name="verifydeleterequest" time="0.0">
    <ignored/>
  </testcase> <!-- verifydeleterequest -->
  <testcase classname="cucumber.apiautomation.apiautomation" name="verifypatchrequest" time="0.0">
    <ignored/>
  </testcase> <!-- verifypatchrequest -->
  <testcase classname="cucumber.apiautomation.apiautomation" name="postrequest" time="0.0">
    <ignored/>
  </testcase> <!-- postrequest -->
</testsuite> <!-- Default test -->
