<?xml version="1.0" encoding="UTF-8"?>
<testng-results ignored="5" total="6" passed="1" failed="0" skipped="0">
  <reporter-output>
  </reporter-output>
  <suite started-at="2024-07-18T12:13:37 IST" name="Default suite" finished-at="2024-07-18T12:13:40 IST" duration-ms="3201">
    <groups>
    </groups>
    <test started-at="2024-07-18T12:13:37 IST" name="Default test" finished-at="2024-07-18T12:13:40 IST" duration-ms="3201">
      <class name="cucumber.apiautomation.apiautomation">
        <test-method signature="verifyputrquest()[pri:0, instance:cucumber.apiautomation.apiautomation@6d763516]" started-at="2024-07-18T12:13:37 IST" name="verifyputrquest" finished-at="2024-07-18T12:13:40 IST" duration-ms="3128" status="PASS">
          <reporter-output>
          </reporter-output>
        </test-method> <!-- verifyputrquest -->
      </class> <!-- cucumber.apiautomation.apiautomation -->
    </test> <!-- Default test -->
  </suite> <!-- Default suite -->
</testng-results>
