<?xml version="1.0" encoding="UTF-8"?>
<testng-results ignored="0" total="3" passed="3" failed="0" skipped="0">
  <reporter-output>
  </reporter-output>
  <suite started-at="2024-06-18T11:25:03 IST" name="Suite" finished-at="2024-06-18T11:29:00 IST" duration-ms="237639">
    <groups>
    </groups>
    <test started-at="2024-06-18T11:25:03 IST" name="Test" finished-at="2024-06-18T11:29:00 IST" duration-ms="237639">
      <class name="xmlpractice.a">
        <test-method signature="productmultipledata(java.lang.String,java.lang.String)[pri:0, instance:xmlpractice.a@4135c3b]" started-at="2024-06-18T11:25:03 IST" name="productmultipledata" finished-at="2024-06-18T11:25:16 IST" duration-ms="13446" status="PASS">
          <params>
            <param index="0">
              <value>
                <![CDATA[admin@yourstore.com]]>
              </value>
            </param>
            <param index="1">
              <value>
                <![CDATA[admin]]>
              </value>
            </param>
          </params>
          <reporter-output>
          </reporter-output>
        </test-method> <!-- productmultipledata -->
      </class> <!-- xmlpractice.a -->
      <class name="xmlpractice.b">
        <test-method signature="productmultipledata(java.lang.String,java.lang.String)[pri:0, instance:xmlpractice.b@4d5d943d]" started-at="2024-06-18T11:25:16 IST" name="productmultipledata" finished-at="2024-06-18T11:28:44 IST" duration-ms="208197" status="PASS">
          <params>
            <param index="0">
              <value>
                <![CDATA[admin@yourstore.com]]>
              </value>
            </param>
            <param index="1">
              <value>
                <![CDATA[admin]]>
              </value>
            </param>
          </params>
          <reporter-output>
          </reporter-output>
        </test-method> <!-- productmultipledata -->
      </class> <!-- xmlpractice.b -->
      <class name="xmlpractice.c">
        <test-method signature="productmultipledata(java.lang.String,java.lang.String)[pri:0, instance:xmlpractice.c@368f2016]" started-at="2024-06-18T11:28:44 IST" name="productmultipledata" finished-at="2024-06-18T11:29:00 IST" duration-ms="15913" status="PASS">
          <params>
            <param index="0">
              <value>
                <![CDATA[admin@yourstore.com]]>
              </value>
            </param>
            <param index="1">
              <value>
                <![CDATA[admin]]>
              </value>
            </param>
          </params>
          <reporter-output>
          </reporter-output>
        </test-method> <!-- productmultipledata -->
      </class> <!-- xmlpractice.c -->
    </test> <!-- Test -->
  </suite> <!-- Suite -->
</testng-results>
