<?xml version="1.0" encoding="UTF-8"?>
<testng-results ignored="0" total="2" passed="2" failed="0" skipped="0">
  <reporter-output>
  </reporter-output>
  <suite started-at="2024-07-03T13:25:35 IST" name="Default suite" finished-at="2024-07-03T13:26:05 IST" duration-ms="29929">
    <groups>
    </groups>
    <test started-at="2024-07-03T13:25:35 IST" name="Default test" finished-at="2024-07-03T13:26:05 IST" duration-ms="29929">
      <class name="day1.day123">
        <test-method signature="practice()[pri:0, instance:day1.day123@35e2d654]" started-at="2024-07-03T13:25:35 IST" name="practice" finished-at="2024-07-03T13:25:52 IST" duration-ms="17286" status="PASS">
          <reporter-output>
          </reporter-output>
        </test-method> <!-- practice -->
        <test-method signature="practice2()[pri:0, instance:day1.day123@35e2d654]" started-at="2024-07-03T13:25:52 IST" name="practice2" finished-at="2024-07-03T13:26:05 IST" duration-ms="12301" status="PASS">
          <reporter-output>
          </reporter-output>
        </test-method> <!-- practice2 -->
      </class> <!-- day1.day123 -->
    </test> <!-- Default test -->
  </suite> <!-- Default suite -->
</testng-results>
